app/build/intermediates/manifest_merge_blame_file/debug/manifest-merger-blame-debug-report.txt
1<?xml version="1.0" encoding="utf-8"?>
2<manifest xmlns:android="http://schemas.android.com/apk/res/android"
3    package="com.example.contactapp"
4    android:versionCode="1"
5    android:versionName="1.0" >
6
7    <uses-sdk
8        android:minSdkVersion="25"
8-->src/main/AndroidManifest.xml
9        android:targetSdkVersion="33" />
9-->src/main/AndroidManifest.xml
10
11    <uses-permission android:name="android.permission.INTERNET" />
11-->[com.google.firebase:firebase-auth:22.0.0] AndroidManifest.xml:25:5-67
11-->[com.google.firebase:firebase-auth:22.0.0] AndroidManifest.xml:25:22-64
12    <uses-permission android:name="android.permission.ACCESS_NETWORK_STATE" />
12-->[com.google.firebase:firebase-auth:22.0.0] AndroidManifest.xml:26:5-79
12-->[com.google.firebase:firebase-auth:22.0.0] AndroidManifest.xml:26:22-76
13    <uses-permission android:name="android.permission.WRITE_EXTERNAL_STORAGE" />
14    <uses-permission android:name="android.permission.READ_PHONE_STATE" />
15    <uses-permission android:name="android.permission.READ_EXTERNAL_STORAGE" />
16
17    <permission
17-->[androidx.core:core:1.9.0] AndroidManifest.xml:22:5-24:47
18        android:name="com.example.contactapp.DYNAMIC_RECEIVER_NOT_EXPORTED_PERMISSION"
18-->[androidx.core:core:1.9.0] AndroidManifest.xml:23:9-81
19        android:protectionLevel="signature" />
19-->[androidx.core:core:1.9.0] AndroidManifest.xml:24:9-44
20
21    <uses-permission android:name="com.example.contactapp.DYNAMIC_RECEIVER_NOT_EXPORTED_PERMISSION" />
21-->[androidx.core:core:1.9.0] AndroidManifest.xml:26:5-97
21-->[androidx.core:core:1.9.0] AndroidManifest.xml:26:22-94
22
23    <application
23-->src/main/AndroidManifest.xml:5:5-89:19
24        android:allowBackup="true"
24-->src/main/AndroidManifest.xml:6:9-35
25        android:appComponentFactory="androidx.core.app.CoreComponentFactory"
25-->[androidx.core:core:1.9.0] AndroidManifest.xml:28:18-86
26        android:dataExtractionRules="@xml/data_extraction_rules"
26-->src/main/AndroidManifest.xml:7:9-65
27        android:debuggable="true"
28        android:extractNativeLibs="false"
29        android:fullBackupContent="@xml/backup_rules"
29-->src/main/AndroidManifest.xml:8:9-54
30        android:icon="@mipmap/ic_launcher"
30-->src/main/AndroidManifest.xml:9:9-43
31        android:label="@string/app_name"
31-->src/main/AndroidManifest.xml:10:9-41
32        android:supportsRtl="true"
32-->src/main/AndroidManifest.xml:11:9-35
33        android:testOnly="true"
34        android:theme="@style/Theme.ContactApp" >
34-->src/main/AndroidManifest.xml:12:9-48
35        <activity
35-->src/main/AndroidManifest.xml:14:9-16:40
36            android:name="com.example.contactapp.Edit"
36-->src/main/AndroidManifest.xml:15:13-33
37            android:exported="false" />
37-->src/main/AndroidManifest.xml:16:13-37
38        <activity
38-->src/main/AndroidManifest.xml:17:9-19:40
39            android:name="com.example.contactapp.Ajouter_market"
39-->src/main/AndroidManifest.xml:18:13-43
40            android:exported="false" />
40-->src/main/AndroidManifest.xml:19:13-37
41        <activity
41-->src/main/AndroidManifest.xml:20:9-22:40
42            android:name="com.example.contactapp.modifieruser"
42-->src/main/AndroidManifest.xml:21:13-41
43            android:exported="false" />
43-->src/main/AndroidManifest.xml:22:13-37
44        <activity
44-->src/main/AndroidManifest.xml:23:9-25:40
45            android:name="com.example.contactapp.noshop"
45-->src/main/AndroidManifest.xml:24:13-35
46            android:exported="false" />
46-->src/main/AndroidManifest.xml:25:13-37
47        <activity
47-->src/main/AndroidManifest.xml:26:9-28:40
48            android:name="com.example.contactapp.Delete"
48-->src/main/AndroidManifest.xml:27:13-35
49            android:exported="false" />
49-->src/main/AndroidManifest.xml:28:13-37
50        <activity
50-->src/main/AndroidManifest.xml:29:9-31:40
51            android:name="com.example.contactapp.Details_User"
51-->src/main/AndroidManifest.xml:30:13-41
52            android:exported="false" />
52-->src/main/AndroidManifest.xml:31:13-37
53        <activity
53-->src/main/AndroidManifest.xml:32:9-34:40
54            android:name="com.example.contactapp.Refre_Produits"
54-->src/main/AndroidManifest.xml:33:13-43
55            android:exported="false" />
55-->src/main/AndroidManifest.xml:34:13-37
56        <activity
56-->src/main/AndroidManifest.xml:35:9-37:40
57            android:name="com.example.contactapp.Prote_Prduits"
57-->src/main/AndroidManifest.xml:36:13-42
58            android:exported="false" />
58-->src/main/AndroidManifest.xml:37:13-37
59        <activity
59-->src/main/AndroidManifest.xml:38:9-40:40
60            android:name="com.example.contactapp.Users_Messages"
60-->src/main/AndroidManifest.xml:39:13-43
61            android:exported="false" />
61-->src/main/AndroidManifest.xml:40:13-37
62        <activity
62-->src/main/AndroidManifest.xml:41:9-43:40
63            android:name="com.example.contactapp.Market_list"
63-->src/main/AndroidManifest.xml:42:13-40
64            android:exported="false" />
64-->src/main/AndroidManifest.xml:43:13-37
65        <activity
65-->src/main/AndroidManifest.xml:44:9-46:40
66            android:name="com.example.contactapp.User_list"
66-->src/main/AndroidManifest.xml:45:13-38
67            android:exported="false" />
67-->src/main/AndroidManifest.xml:46:13-37
68        <activity
68-->src/main/AndroidManifest.xml:47:9-49:40
69            android:name="com.example.contactapp.FaceIdOpenDoor"
69-->src/main/AndroidManifest.xml:48:13-43
70            android:exported="false" />
70-->src/main/AndroidManifest.xml:49:13-37
71        <activity
71-->src/main/AndroidManifest.xml:50:9-52:40
72            android:name="com.example.contactapp.Meals_Details"
72-->src/main/AndroidManifest.xml:51:13-42
73            android:exported="false" />
73-->src/main/AndroidManifest.xml:52:13-37
74        <activity
74-->src/main/AndroidManifest.xml:53:9-55:40
75            android:name="com.example.contactapp.Meals_List"
75-->src/main/AndroidManifest.xml:54:13-39
76            android:exported="false" />
76-->src/main/AndroidManifest.xml:55:13-37
77        <activity
77-->src/main/AndroidManifest.xml:56:9-58:40
78            android:name="com.example.contactapp.Profile"
78-->src/main/AndroidManifest.xml:57:13-36
79            android:exported="false" />
79-->src/main/AndroidManifest.xml:58:13-37
80        <activity
80-->src/main/AndroidManifest.xml:59:9-61:40
81            android:name="com.example.contactapp.settings"
81-->src/main/AndroidManifest.xml:60:13-37
82            android:exported="false" />
82-->src/main/AndroidManifest.xml:61:13-37
83        <activity
83-->src/main/AndroidManifest.xml:62:9-64:40
84            android:name="com.example.contactapp.ChoisirEtage"
84-->src/main/AndroidManifest.xml:63:13-41
85            android:exported="false" />
85-->src/main/AndroidManifest.xml:64:13-37
86        <activity
86-->src/main/AndroidManifest.xml:65:9-67:40
87            android:name="com.example.contactapp.frigoBas"
87-->src/main/AndroidManifest.xml:66:13-37
88            android:exported="false" />
88-->src/main/AndroidManifest.xml:67:13-37
89        <activity
89-->src/main/AndroidManifest.xml:68:9-70:40
90            android:name="com.example.contactapp.Liste_favoris"
90-->src/main/AndroidManifest.xml:69:13-42
91            android:exported="false" />
91-->src/main/AndroidManifest.xml:70:13-37
92        <activity
92-->src/main/AndroidManifest.xml:71:9-73:40
93            android:name="com.example.contactapp.Detail_contact"
93-->src/main/AndroidManifest.xml:72:13-43
94            android:exported="false" />
94-->src/main/AndroidManifest.xml:73:13-37
95        <activity
95-->src/main/AndroidManifest.xml:74:9-76:40
96            android:name="com.example.contactapp.Ajouter_contact"
96-->src/main/AndroidManifest.xml:75:13-44
97            android:exported="false" />
97-->src/main/AndroidManifest.xml:76:13-37
98        <activity
98-->src/main/AndroidManifest.xml:77:9-79:40
99            android:name="com.example.contactapp.Liste_contacts"
99-->src/main/AndroidManifest.xml:78:13-43
100            android:exported="false" />
100-->src/main/AndroidManifest.xml:79:13-37
101        <activity
101-->src/main/AndroidManifest.xml:80:9-88:20
102            android:name="com.example.contactapp.MainActivity"
102-->src/main/AndroidManifest.xml:81:13-41
103            android:exported="true" >
103-->src/main/AndroidManifest.xml:82:13-36
104            <intent-filter>
104-->src/main/AndroidManifest.xml:83:13-87:29
105                <action android:name="android.intent.action.MAIN" />
105-->src/main/AndroidManifest.xml:84:17-69
105-->src/main/AndroidManifest.xml:84:25-66
106
107                <category android:name="android.intent.category.LAUNCHER" />
107-->src/main/AndroidManifest.xml:86:17-77
107-->src/main/AndroidManifest.xml:86:27-74
108            </intent-filter>
109        </activity>
110
111        <service
111-->[com.google.firebase:firebase-auth-ktx:22.0.0] AndroidManifest.xml:8:9-14:19
112            android:name="com.google.firebase.components.ComponentDiscoveryService"
112-->[com.google.firebase:firebase-auth-ktx:22.0.0] AndroidManifest.xml:9:13-84
113            android:directBootAware="true"
113-->[com.google.firebase:firebase-common:20.3.2] AndroidManifest.xml:34:13-43
114            android:exported="false" >
114-->[com.google.firebase:firebase-auth-ktx:22.0.0] AndroidManifest.xml:10:13-37
115            <meta-data
115-->[com.google.firebase:firebase-auth-ktx:22.0.0] AndroidManifest.xml:11:13-13:85
116                android:name="com.google.firebase.components:com.google.firebase.auth.ktx.FirebaseAuthKtxRegistrar"
116-->[com.google.firebase:firebase-auth-ktx:22.0.0] AndroidManifest.xml:12:17-116
117                android:value="com.google.firebase.components.ComponentRegistrar" />
117-->[com.google.firebase:firebase-auth-ktx:22.0.0] AndroidManifest.xml:13:17-82
118            <meta-data
118-->[com.google.firebase:firebase-auth:22.0.0] AndroidManifest.xml:69:13-71:85
119                android:name="com.google.firebase.components:com.google.firebase.auth.FirebaseAuthRegistrar"
119-->[com.google.firebase:firebase-auth:22.0.0] AndroidManifest.xml:70:17-109
120                android:value="com.google.firebase.components.ComponentRegistrar" />
120-->[com.google.firebase:firebase-auth:22.0.0] AndroidManifest.xml:71:17-82
121            <meta-data
121-->[com.google.firebase:firebase-database-ktx:20.2.1] AndroidManifest.xml:14:13-16:85
122                android:name="com.google.firebase.components:com.google.firebase.database.ktx.FirebaseDatabaseKtxRegistrar"
122-->[com.google.firebase:firebase-database-ktx:20.2.1] AndroidManifest.xml:15:17-124
123                android:value="com.google.firebase.components.ComponentRegistrar" />
123-->[com.google.firebase:firebase-database-ktx:20.2.1] AndroidManifest.xml:16:17-82
124            <meta-data
124-->[com.google.firebase:firebase-database:20.2.1] AndroidManifest.xml:31:13-33:85
125                android:name="com.google.firebase.components:com.google.firebase.database.DatabaseRegistrar"
125-->[com.google.firebase:firebase-database:20.2.1] AndroidManifest.xml:32:17-109
126                android:value="com.google.firebase.components.ComponentRegistrar" />
126-->[com.google.firebase:firebase-database:20.2.1] AndroidManifest.xml:33:17-82
127            <meta-data
127-->[com.google.firebase:firebase-firestore-ktx:24.6.0] AndroidManifest.xml:14:13-16:85
128                android:name="com.google.firebase.components:com.google.firebase.firestore.ktx.FirebaseFirestoreKtxRegistrar"
128-->[com.google.firebase:firebase-firestore-ktx:24.6.0] AndroidManifest.xml:15:17-126
129                android:value="com.google.firebase.components.ComponentRegistrar" />
129-->[com.google.firebase:firebase-firestore-ktx:24.6.0] AndroidManifest.xml:16:17-82
130            <meta-data
130-->[com.google.firebase:firebase-firestore:24.6.0] AndroidManifest.xml:19:13-21:85
131                android:name="com.google.firebase.components:com.google.firebase.firestore.FirestoreRegistrar"
131-->[com.google.firebase:firebase-firestore:24.6.0] AndroidManifest.xml:20:17-111
132                android:value="com.google.firebase.components.ComponentRegistrar" />
132-->[com.google.firebase:firebase-firestore:24.6.0] AndroidManifest.xml:21:17-82
133            <meta-data
133-->[com.google.firebase:firebase-storage-ktx:20.2.0] AndroidManifest.xml:14:13-16:85
134                android:name="com.google.firebase.components:com.google.firebase.storage.ktx.FirebaseStorageKtxRegistrar"
134-->[com.google.firebase:firebase-storage-ktx:20.2.0] AndroidManifest.xml:15:17-122
135                android:value="com.google.firebase.components.ComponentRegistrar" />
135-->[com.google.firebase:firebase-storage-ktx:20.2.0] AndroidManifest.xml:16:17-82
136            <meta-data
136-->[com.google.firebase:firebase-storage:20.2.0] AndroidManifest.xml:32:13-34:85
137                android:name="com.google.firebase.components:com.google.firebase.storage.StorageRegistrar"
137-->[com.google.firebase:firebase-storage:20.2.0] AndroidManifest.xml:33:17-107
138                android:value="com.google.firebase.components.ComponentRegistrar" />
138-->[com.google.firebase:firebase-storage:20.2.0] AndroidManifest.xml:34:17-82
139            <meta-data
139-->[com.google.firebase:firebase-common-ktx:20.3.2] AndroidManifest.xml:14:13-16:85
140                android:name="com.google.firebase.components:com.google.firebase.ktx.FirebaseCommonKtxRegistrar"
140-->[com.google.firebase:firebase-common-ktx:20.3.2] AndroidManifest.xml:15:17-113
141                android:value="com.google.firebase.components.ComponentRegistrar" />
141-->[com.google.firebase:firebase-common-ktx:20.3.2] AndroidManifest.xml:16:17-82
142        </service>
143
144        <activity
144-->[com.google.firebase:firebase-auth:22.0.0] AndroidManifest.xml:29:9-46:20
145            android:name="com.google.firebase.auth.internal.GenericIdpActivity"
145-->[com.google.firebase:firebase-auth:22.0.0] AndroidManifest.xml:30:13-80
146            android:excludeFromRecents="true"
146-->[com.google.firebase:firebase-auth:22.0.0] AndroidManifest.xml:31:13-46
147            android:exported="true"
147-->[com.google.firebase:firebase-auth:22.0.0] AndroidManifest.xml:32:13-36
148            android:launchMode="singleTask"
148-->[com.google.firebase:firebase-auth:22.0.0] AndroidManifest.xml:33:13-44
149            android:theme="@android:style/Theme.Translucent.NoTitleBar" >
149-->[com.google.firebase:firebase-auth:22.0.0] AndroidManifest.xml:34:13-72
150            <intent-filter>
150-->[com.google.firebase:firebase-auth:22.0.0] AndroidManifest.xml:35:13-45:29
151                <action android:name="android.intent.action.VIEW" />
151-->[com.google.firebase:firebase-auth:22.0.0] AndroidManifest.xml:36:17-69
151-->[com.google.firebase:firebase-auth:22.0.0] AndroidManifest.xml:36:25-66
152
153                <category android:name="android.intent.category.DEFAULT" />
153-->[com.google.firebase:firebase-auth:22.0.0] AndroidManifest.xml:38:17-76
153-->[com.google.firebase:firebase-auth:22.0.0] AndroidManifest.xml:38:27-73
154                <category android:name="android.intent.category.BROWSABLE" />
154-->[com.google.firebase:firebase-auth:22.0.0] AndroidManifest.xml:39:17-78
154-->[com.google.firebase:firebase-auth:22.0.0] AndroidManifest.xml:39:27-75
155
156                <data
156-->[com.google.firebase:firebase-auth:22.0.0] AndroidManifest.xml:41:17-44:51
157                    android:host="firebase.auth"
157-->[com.google.firebase:firebase-auth:22.0.0] AndroidManifest.xml:42:21-49
158                    android:path="/"
158-->[com.google.firebase:firebase-auth:22.0.0] AndroidManifest.xml:43:21-37
159                    android:scheme="genericidp" />
159-->[com.google.firebase:firebase-auth:22.0.0] AndroidManifest.xml:44:21-48
160            </intent-filter>
161        </activity>
162        <activity
162-->[com.google.firebase:firebase-auth:22.0.0] AndroidManifest.xml:47:9-64:20
163            android:name="com.google.firebase.auth.internal.RecaptchaActivity"
163-->[com.google.firebase:firebase-auth:22.0.0] AndroidManifest.xml:48:13-79
164            android:excludeFromRecents="true"
164-->[com.google.firebase:firebase-auth:22.0.0] AndroidManifest.xml:49:13-46
165            android:exported="true"
165-->[com.google.firebase:firebase-auth:22.0.0] AndroidManifest.xml:50:13-36
166            android:launchMode="singleTask"
166-->[com.google.firebase:firebase-auth:22.0.0] AndroidManifest.xml:51:13-44
167            android:theme="@android:style/Theme.Translucent.NoTitleBar" >
167-->[com.google.firebase:firebase-auth:22.0.0] AndroidManifest.xml:52:13-72
168            <intent-filter>
168-->[com.google.firebase:firebase-auth:22.0.0] AndroidManifest.xml:53:13-63:29
169                <action android:name="android.intent.action.VIEW" />
169-->[com.google.firebase:firebase-auth:22.0.0] AndroidManifest.xml:36:17-69
169-->[com.google.firebase:firebase-auth:22.0.0] AndroidManifest.xml:36:25-66
170
171                <category android:name="android.intent.category.DEFAULT" />
171-->[com.google.firebase:firebase-auth:22.0.0] AndroidManifest.xml:38:17-76
171-->[com.google.firebase:firebase-auth:22.0.0] AndroidManifest.xml:38:27-73
172                <category android:name="android.intent.category.BROWSABLE" />
172-->[com.google.firebase:firebase-auth:22.0.0] AndroidManifest.xml:39:17-78
172-->[com.google.firebase:firebase-auth:22.0.0] AndroidManifest.xml:39:27-75
173
174                <data
174-->[com.google.firebase:firebase-auth:22.0.0] AndroidManifest.xml:41:17-44:51
175                    android:host="firebase.auth"
175-->[com.google.firebase:firebase-auth:22.0.0] AndroidManifest.xml:42:21-49
176                    android:path="/"
176-->[com.google.firebase:firebase-auth:22.0.0] AndroidManifest.xml:43:21-37
177                    android:scheme="recaptcha" />
177-->[com.google.firebase:firebase-auth:22.0.0] AndroidManifest.xml:44:21-48
178            </intent-filter>
179        </activity>
180
181        <service
181-->[com.google.android.gms:play-services-mlkit-face-detection:16.0.0] AndroidManifest.xml:9:9-15:19
182            android:name="com.google.mlkit.common.internal.MlKitComponentDiscoveryService"
182-->[com.google.android.gms:play-services-mlkit-face-detection:16.0.0] AndroidManifest.xml:10:13-91
183            android:directBootAware="true"
183-->[com.google.mlkit:common:16.0.0] AndroidManifest.xml:17:13-43
184            android:exported="false" >
184-->[com.google.android.gms:play-services-mlkit-face-detection:16.0.0] AndroidManifest.xml:11:13-37
185            <meta-data
185-->[com.google.android.gms:play-services-mlkit-face-detection:16.0.0] AndroidManifest.xml:12:13-14:85
186                android:name="com.google.firebase.components:com.google.mlkit.vision.face.internal.FaceRegistrar"
186-->[com.google.android.gms:play-services-mlkit-face-detection:16.0.0] AndroidManifest.xml:13:17-114
187                android:value="com.google.firebase.components.ComponentRegistrar" />
187-->[com.google.android.gms:play-services-mlkit-face-detection:16.0.0] AndroidManifest.xml:14:17-82
188            <meta-data
188-->[com.google.mlkit:vision-common:16.0.0] AndroidManifest.xml:12:13-14:85
189                android:name="com.google.firebase.components:com.google.mlkit.vision.common.internal.VisionCommonRegistrar"
189-->[com.google.mlkit:vision-common:16.0.0] AndroidManifest.xml:13:17-124
190                android:value="com.google.firebase.components.ComponentRegistrar" />
190-->[com.google.mlkit:vision-common:16.0.0] AndroidManifest.xml:14:17-82
191            <meta-data
191-->[com.google.mlkit:common:16.0.0] AndroidManifest.xml:20:13-22:85
192                android:name="com.google.firebase.components:com.google.mlkit.common.internal.CommonComponentRegistrar"
192-->[com.google.mlkit:common:16.0.0] AndroidManifest.xml:21:17-120
193                android:value="com.google.firebase.components.ComponentRegistrar" />
193-->[com.google.mlkit:common:16.0.0] AndroidManifest.xml:22:17-82
194        </service>
195
196        <provider
196-->[com.google.firebase:firebase-common:20.3.2] AndroidManifest.xml:25:9-30:39
197            android:name="com.google.firebase.provider.FirebaseInitProvider"
197-->[com.google.firebase:firebase-common:20.3.2] AndroidManifest.xml:26:13-77
198            android:authorities="com.example.contactapp.firebaseinitprovider"
198-->[com.google.firebase:firebase-common:20.3.2] AndroidManifest.xml:27:13-72
199            android:directBootAware="true"
199-->[com.google.firebase:firebase-common:20.3.2] AndroidManifest.xml:28:13-43
200            android:exported="false"
200-->[com.google.firebase:firebase-common:20.3.2] AndroidManifest.xml:29:13-37
201            android:initOrder="100" />
201-->[com.google.firebase:firebase-common:20.3.2] AndroidManifest.xml:30:13-36
202        <provider
202-->[com.google.mlkit:common:16.0.0] AndroidManifest.xml:9:9-13:38
203            android:name="com.google.mlkit.common.internal.MlKitInitProvider"
203-->[com.google.mlkit:common:16.0.0] AndroidManifest.xml:10:13-78
204            android:authorities="com.example.contactapp.mlkitinitprovider"
204-->[com.google.mlkit:common:16.0.0] AndroidManifest.xml:11:13-69
205            android:exported="false"
205-->[com.google.mlkit:common:16.0.0] AndroidManifest.xml:12:13-37
206            android:initOrder="99" />
206-->[com.google.mlkit:common:16.0.0] AndroidManifest.xml:13:13-35
207
208        <activity
208-->[com.google.android.gms:play-services-base:18.1.0] AndroidManifest.xml:20:9-22:45
209            android:name="com.google.android.gms.common.api.GoogleApiActivity"
209-->[com.google.android.gms:play-services-base:18.1.0] AndroidManifest.xml:20:19-85
210            android:exported="false"
210-->[com.google.android.gms:play-services-base:18.1.0] AndroidManifest.xml:22:19-43
211            android:theme="@android:style/Theme.Translucent.NoTitleBar" />
211-->[com.google.android.gms:play-services-base:18.1.0] AndroidManifest.xml:21:19-78
212
213        <meta-data
213-->[com.google.android.gms:play-services-basement:18.1.0] AndroidManifest.xml:21:9-23:69
214            android:name="com.google.android.gms.version"
214-->[com.google.android.gms:play-services-basement:18.1.0] AndroidManifest.xml:22:13-58
215            android:value="@integer/google_play_services_version" />
215-->[com.google.android.gms:play-services-basement:18.1.0] AndroidManifest.xml:23:13-66
216
217        <provider
217-->[androidx.emoji2:emoji2:1.2.0] AndroidManifest.xml:24:9-32:20
218            android:name="androidx.startup.InitializationProvider"
218-->[androidx.emoji2:emoji2:1.2.0] AndroidManifest.xml:25:13-67
219            android:authorities="com.example.contactapp.androidx-startup"
219-->[androidx.emoji2:emoji2:1.2.0] AndroidManifest.xml:26:13-68
220            android:exported="false" >
220-->[androidx.emoji2:emoji2:1.2.0] AndroidManifest.xml:27:13-37
221            <meta-data
221-->[androidx.emoji2:emoji2:1.2.0] AndroidManifest.xml:29:13-31:52
222                android:name="androidx.emoji2.text.EmojiCompatInitializer"
222-->[androidx.emoji2:emoji2:1.2.0] AndroidManifest.xml:30:17-75
223                android:value="androidx.startup" />
223-->[androidx.emoji2:emoji2:1.2.0] AndroidManifest.xml:31:17-49
224            <meta-data
224-->[androidx.lifecycle:lifecycle-process:2.4.1] AndroidManifest.xml:31:13-33:52
225                android:name="androidx.lifecycle.ProcessLifecycleInitializer"
225-->[androidx.lifecycle:lifecycle-process:2.4.1] AndroidManifest.xml:32:17-78
226                android:value="androidx.startup" />
226-->[androidx.lifecycle:lifecycle-process:2.4.1] AndroidManifest.xml:33:17-49
227        </provider>
228
229        <service
229-->[com.google.android.datatransport:transport-backend-cct:2.2.2] AndroidManifest.xml:29:9-35:19
230            android:name="com.google.android.datatransport.runtime.backends.TransportBackendDiscovery"
230-->[com.google.android.datatransport:transport-backend-cct:2.2.2] AndroidManifest.xml:30:13-103
231            android:exported="false" >
231-->[com.google.android.datatransport:transport-backend-cct:2.2.2] AndroidManifest.xml:31:13-37
232            <meta-data
232-->[com.google.android.datatransport:transport-backend-cct:2.2.2] AndroidManifest.xml:32:13-34:39
233                android:name="backend:com.google.android.datatransport.cct.CctBackendFactory"
233-->[com.google.android.datatransport:transport-backend-cct:2.2.2] AndroidManifest.xml:33:17-94
234                android:value="cct" />
234-->[com.google.android.datatransport:transport-backend-cct:2.2.2] AndroidManifest.xml:34:17-36
235        </service>
236        <service
236-->[com.google.android.datatransport:transport-runtime:2.2.2] AndroidManifest.xml:26:9-30:19
237            android:name="com.google.android.datatransport.runtime.scheduling.jobscheduling.JobInfoSchedulerService"
237-->[com.google.android.datatransport:transport-runtime:2.2.2] AndroidManifest.xml:27:13-117
238            android:exported="false"
238-->[com.google.android.datatransport:transport-runtime:2.2.2] AndroidManifest.xml:28:13-37
239            android:permission="android.permission.BIND_JOB_SERVICE" >
239-->[com.google.android.datatransport:transport-runtime:2.2.2] AndroidManifest.xml:29:13-69
240        </service>
241
242        <receiver
242-->[com.google.android.datatransport:transport-runtime:2.2.2] AndroidManifest.xml:32:9-34:40
243            android:name="com.google.android.datatransport.runtime.scheduling.jobscheduling.AlarmManagerSchedulerBroadcastReceiver"
243-->[com.google.android.datatransport:transport-runtime:2.2.2] AndroidManifest.xml:33:13-132
244            android:exported="false" />
244-->[com.google.android.datatransport:transport-runtime:2.2.2] AndroidManifest.xml:34:13-37
245    </application>
246
247</manifest>